{
  "stats": {
    "suites": 1,
    "tests": 3,
    "passes": 3,
    "pending": 0,
    "failures": 0,
    "start": "2018-04-11T09:47:34.981Z",
    "end": "2018-04-11T09:47:37.913Z",
    "duration": 2932,
    "testsRegistered": 3,
    "passPercent": 100,
    "pendingPercent": 0,
    "other": 0,
    "hasOther": false,
    "skipped": 0,
    "hasSkipped": false,
    "passPercentClass": "success",
    "pendingPercentClass": "danger"
  },
  "suites": {
    "uuid": "820f0844-9b2f-4628-a16d-a241fe2c290c",
    "title": "",
    "fullFile": "",
    "file": "",
    "beforeHooks": [],
    "afterHooks": [],
    "tests": [],
    "suites": [
      {
        "uuid": "72240ab8-0252-4347-83d9-f349101122bd",
        "title": "Contacts API unit test",
        "fullFile": "/home/frank/repos/webservicesdev-2018/node-labs-2018/labs/node-lab4-async/test/testContactsAPI.js",
        "file": "/test/testContactsAPI.js",
        "beforeHooks": [],
        "afterHooks": [],
        "tests": [
          {
            "title": "should return collection of JSON documents",
            "fullTitle": "Contacts API unit test should return collection of JSON documents",
            "timedOut": false,
            "duration": 2808,
            "state": "passed",
            "speed": "slow",
            "pass": true,
            "fail": false,
            "pending": false,
            "code": "// calling home page api\n(0, _supertest2.default)(_index.app).get('/api/contacts').expect('Content-type', /json/).expect(200) // This is the HTTP response\n.end(function (err, res) {\n  // HTTP status should be 200\n  res.status.should.equal(200);\n  done();\n});",
            "err": {},
            "isRoot": false,
            "uuid": "39e6dad7-29bd-4c4f-a612-fb7e0e341dec",
            "isHook": false,
            "skipped": false
          },
          {
            "title": "should add a contact",
            "fullTitle": "Contacts API unit test should add a contact",
            "timedOut": false,
            "duration": 36,
            "state": "passed",
            "speed": "fast",
            "pass": true,
            "fail": false,
            "pending": false,
            "code": "// post to /api/contacts\n(0, _supertest2.default)(_index.app).post('/api/contacts').send({ name: 'Contact 99', address: '123 Strand St' }).expect('Content-type', /json/).expect(201).end(function (err, res) {\n  res.status.should.equal(201);\n  res.body.should.have.property('_id');\n  res.body.name.should.equal('Contact 99');\n  done();\n});",
            "err": {},
            "isRoot": false,
            "uuid": "e6a538b2-0cf8-4d8e-ab3a-e13af890f002",
            "isHook": false,
            "skipped": false
          },
          {
            "title": "should delete contact",
            "fullTitle": "Contacts API unit test should delete contact",
            "timedOut": false,
            "duration": 64,
            "state": "passed",
            "speed": "medium",
            "pass": true,
            "fail": false,
            "pending": false,
            "code": "var superserver = (0, _supertest2.default)(_index.app);\nsuperserver.get('/api/contacts').expect('Content-type', /json/).expect(200) // This is HTTP response\n.end(function (err, res) {\n  var id = res.body[0]._id;\n  superserver.delete('/api/contacts/' + id).expect('Content-type', /json/).expect(200) // This is HTTP response\n  .end(function (err, res) {\n    res.status.should.equal(204);\n    done();\n  });\n});",
            "err": {},
            "isRoot": false,
            "uuid": "11370f75-19a6-46cf-94cc-ea0aa7b2ec0c",
            "isHook": false,
            "skipped": false
          }
        ],
        "suites": [],
        "passes": [
          "39e6dad7-29bd-4c4f-a612-fb7e0e341dec",
          "e6a538b2-0cf8-4d8e-ab3a-e13af890f002",
          "11370f75-19a6-46cf-94cc-ea0aa7b2ec0c"
        ],
        "failures": [],
        "pending": [],
        "skipped": [],
        "duration": 2908,
        "root": false,
        "rootEmpty": false,
        "_timeout": 120000
      }
    ],
    "passes": [],
    "failures": [],
    "pending": [],
    "skipped": [],
    "duration": 0,
    "root": true,
    "rootEmpty": true,
    "_timeout": 2000
  },
  "copyrightYear": 2018
}