{
  "stats": {
    "suites": 1,
    "tests": 3,
    "passes": 3,
    "pending": 0,
    "failures": 0,
    "start": "2018-04-10T17:19:20.016Z",
    "end": "2018-04-10T17:19:24.104Z",
    "duration": 4088,
    "testsRegistered": 3,
    "passPercent": 100,
    "pendingPercent": 0,
    "other": 0,
    "hasOther": false,
    "skipped": 0,
    "hasSkipped": false,
    "passPercentClass": "success",
    "pendingPercentClass": "danger"
  },
  "suites": {
    "uuid": "189c786d-2283-419b-a102-e06f77832b5e",
    "title": "",
    "fullFile": "",
    "file": "",
    "beforeHooks": [],
    "afterHooks": [],
    "tests": [],
    "suites": [
      {
        "uuid": "40a2ceaa-6397-45d5-885a-00d4f9ab8352",
        "title": "Contacts API unit test",
        "fullFile": "/home/frank/repos/webservicesdev-2018/node-labs-2018/labs/node-lab4-async/test/testContactsAPI.js",
        "file": "/test/testContactsAPI.js",
        "beforeHooks": [],
        "afterHooks": [],
        "tests": [
          {
            "title": "should return collection of JSON documents",
            "fullTitle": "Contacts API unit test should return collection of JSON documents",
            "timedOut": false,
            "duration": 3999,
            "state": "passed",
            "speed": "slow",
            "pass": true,
            "fail": false,
            "pending": false,
            "code": "// calling home page api\n(0, _supertest2.default)(_index.app).get('/api/contacts').expect('Content-type', /json/).expect(200) // This is the HTTP response\n.end(function (err, res) {\n  // HTTP status should be 200\n  res.status.should.equal(200);\n  done();\n});",
            "err": {},
            "isRoot": false,
            "uuid": "43c47d89-5198-4d75-bdde-b55de5336075",
            "isHook": false,
            "skipped": false
          },
          {
            "title": "should add a contact",
            "fullTitle": "Contacts API unit test should add a contact",
            "timedOut": false,
            "duration": 41,
            "state": "passed",
            "speed": "medium",
            "pass": true,
            "fail": false,
            "pending": false,
            "code": "// post to /api/contacts\n(0, _supertest2.default)(_index.app).post('/api/contacts').send({ name: 'Contact 99', address: '123 Strand St' }).expect('Content-type', /json/).expect(201).end(function (err, res) {\n  res.status.should.equal(201);\n  res.body.should.have.property('_id');\n  res.body.name.should.equal('Contact 99');\n  done();\n});",
            "err": {},
            "isRoot": false,
            "uuid": "ee5e587b-b7b8-4d78-be2b-e3bb37929d81",
            "isHook": false,
            "skipped": false
          },
          {
            "title": "should delete contact",
            "fullTitle": "Contacts API unit test should delete contact",
            "timedOut": false,
            "duration": 24,
            "state": "passed",
            "speed": "fast",
            "pass": true,
            "fail": false,
            "pending": false,
            "code": "var superserver = (0, _supertest2.default)(_index.app);\nsuperserver.get('/api/contacts').expect('Content-type', /json/).expect(200) // This is HTTP response\n.end(function (err, res) {\n  var id = res.body[0]._id;\n  superserver.delete('/api/contacts/' + id).expect('Content-type', /json/).expect(200) // This is HTTP response\n  .end(function (err, res) {\n    res.status.should.equal(204);\n    done();\n  });\n});",
            "err": {},
            "isRoot": false,
            "uuid": "e775ff15-bf09-473b-992b-959a14fb7027",
            "isHook": false,
            "skipped": false
          }
        ],
        "suites": [],
        "passes": [
          "43c47d89-5198-4d75-bdde-b55de5336075",
          "ee5e587b-b7b8-4d78-be2b-e3bb37929d81",
          "e775ff15-bf09-473b-992b-959a14fb7027"
        ],
        "failures": [],
        "pending": [],
        "skipped": [],
        "duration": 4064,
        "root": false,
        "rootEmpty": false,
        "_timeout": 120000
      }
    ],
    "passes": [],
    "failures": [],
    "pending": [],
    "skipped": [],
    "duration": 0,
    "root": true,
    "rootEmpty": true,
    "_timeout": 2000
  },
  "copyrightYear": 2018
}