{
  "stats": {
    "suites": 3,
    "tests": 10,
    "passes": 10,
    "pending": 0,
    "failures": 0,
    "start": "2018-04-24T09:08:55.051Z",
    "end": "2018-04-24T09:08:56.384Z",
    "duration": 1333,
    "testsRegistered": 10,
    "passPercent": 100,
    "pendingPercent": 0,
    "other": 0,
    "hasOther": false,
    "skipped": 0,
    "hasSkipped": false,
    "passPercentClass": "success",
    "pendingPercentClass": "danger"
  },
  "suites": {
    "uuid": "676dcfb2-8a5f-47a6-8af7-5ff42ace306c",
    "title": "",
    "fullFile": "",
    "file": "",
    "beforeHooks": [],
    "afterHooks": [],
    "tests": [],
    "suites": [
      {
        "uuid": "7f4c8592-e761-4339-9e29-9aed56a94657",
        "title": "Contacts API unit test",
        "fullFile": "/home/frank/repos/webservicesdev-2018/node-labs-2018/labs/node-lab5-async/test/testContactsAPI.js",
        "file": "/test/testContactsAPI.js",
        "beforeHooks": [],
        "afterHooks": [],
        "tests": [
          {
            "title": "should return collection of JSON documents",
            "fullTitle": "Contacts API unit test should return collection of JSON documents",
            "timedOut": false,
            "duration": 811,
            "state": "passed",
            "speed": "slow",
            "pass": true,
            "fail": false,
            "pending": false,
            "code": "// calling home page api\n(0, _supertest2.default)(_index.app).get('/api/contacts').expect('Content-type', /json/).expect(200) // This is the HTTP response\n.end(function (err, res) {\n  console.log('outputting returned contacts: ' + res.body);\n  // HTTP status should be 200\n  res.status.should.equal(200);\n  done();\n});",
            "err": {},
            "isRoot": false,
            "uuid": "2999e5da-0b76-448c-807f-9d46dedd25d2",
            "isHook": false,
            "skipped": false
          },
          {
            "title": "should add a contact",
            "fullTitle": "Contacts API unit test should add a contact",
            "timedOut": false,
            "duration": 27,
            "state": "passed",
            "speed": "fast",
            "pass": true,
            "fail": false,
            "pending": false,
            "code": "// post to /api/contacts\n(0, _supertest2.default)(_index.app).post('/api/contacts').send({ name: 'Contact 99', address: '123 Strand St' }).expect('Content-type', /json/).expect(201).end(function (err, res) {\n  res.status.should.equal(201);\n  res.body.should.have.property('_id');\n  res.body.name.should.equal('Contact 99');\n  done();\n});",
            "err": {},
            "isRoot": false,
            "uuid": "6679b93e-e5d6-49f6-9332-739d385815c2",
            "isHook": false,
            "skipped": false
          },
          {
            "title": "should delete contact",
            "fullTitle": "Contacts API unit test should delete contact",
            "timedOut": false,
            "duration": 12,
            "state": "passed",
            "speed": "fast",
            "pass": true,
            "fail": false,
            "pending": false,
            "code": "var superserver = (0, _supertest2.default)(_index.app);\nsuperserver.get('/api/contacts').expect('Content-type', /json/).expect(200) // This is HTTP response\n.end(function (err, res) {\n  // console.log('outputting returned contacts: ' + res.body);\n  var id = res.body[0]._id;\n  superserver.delete('/api/contacts/' + id).expect('Content-type', /json/).expect(200) // This is HTTP response\n  .end(function (err, res) {\n    res.status.should.equal(204);\n    done();\n  });\n});",
            "err": {},
            "isRoot": false,
            "uuid": "8a5e002e-1318-4869-abb2-a7cc28294d33",
            "isHook": false,
            "skipped": false
          }
        ],
        "suites": [],
        "passes": [
          "2999e5da-0b76-448c-807f-9d46dedd25d2",
          "6679b93e-e5d6-49f6-9332-739d385815c2",
          "8a5e002e-1318-4869-abb2-a7cc28294d33"
        ],
        "failures": [],
        "pending": [],
        "skipped": [],
        "duration": 850,
        "root": false,
        "rootEmpty": false,
        "_timeout": 120000
      },
      {
        "uuid": "75de46f3-5409-49e6-855c-b107f4b32bcd",
        "title": "Hacker News Posts API unit test",
        "fullFile": "/home/frank/repos/webservicesdev-2018/node-labs-2018/labs/node-lab5-async/test/testPostsAPI.js",
        "file": "/test/testPostsAPI.js",
        "beforeHooks": [],
        "afterHooks": [],
        "tests": [
          {
            "title": "should return collection of all Posts as JSON documents",
            "fullTitle": "Hacker News Posts API unit test should return collection of all Posts as JSON documents",
            "timedOut": false,
            "duration": 12,
            "state": "passed",
            "speed": "fast",
            "pass": true,
            "fail": false,
            "pending": false,
            "code": "(0, _supertest2.default)(_index.app).get('/api/posts').set('Authorization', 'BEARER eyJhbGciOiJIUzI1NiJ9.dXNlcjE.FmYria8wq0aFDHnzYWhKQrhF5BkJbFNN1PqNyNQ7V4M').expect('Content-type', /json/).expect(200) // This is the HTTP response\n.end(function (err, res) {\n  // HTTP status should be 200\n  res.status.should.equal(200);\n  done();\n});",
            "err": {},
            "isRoot": false,
            "uuid": "44ebbaf2-8be0-4729-aae7-7eb9605596df",
            "isHook": false,
            "skipped": false
          },
          {
            "title": "should deny access",
            "fullTitle": "Hacker News Posts API unit test should deny access",
            "timedOut": false,
            "duration": 2,
            "state": "passed",
            "speed": "fast",
            "pass": true,
            "fail": false,
            "pending": false,
            "code": "(0, _supertest2.default)(_index.app).get('/api/posts').expect('Content-type', /json/).expect(401) // This is the HTTP response\n.end(function (err, res) {\n  // HTTP status should be 401\n  res.status.should.equal(401);\n  done();\n});",
            "err": {},
            "isRoot": false,
            "uuid": "3442543e-9354-4b64-bf8d-5dfd6817f397",
            "isHook": false,
            "skipped": false
          },
          {
            "title": "should add a post",
            "fullTitle": "Hacker News Posts API unit test should add a post",
            "timedOut": false,
            "duration": 11,
            "state": "passed",
            "speed": "fast",
            "pass": true,
            "fail": false,
            "pending": false,
            "code": "// calling home page api\n(0, _supertest2.default)(_index.app).post('/api/posts').set('Authorization', 'BEARER eyJhbGciOiJIUzI1NiJ9.dXNlcjE.FmYria8wq0aFDHnzYWhKQrhF5BkJbFNN1PqNyNQ7V4M').send({ title: 'A new Title', link: 'http://alink' }).expect('Content-type', /json/).expect(201) // This is the HTTP response\n.end(function (err, res) {\n  // HTTP status should be 200\n  res.status.should.equal(201);\n  done();\n});",
            "err": {},
            "isRoot": false,
            "uuid": "d78417bd-9446-45d2-94e2-ce4c3d2a0739",
            "isHook": false,
            "skipped": false
          },
          {
            "title": "should get a post",
            "fullTitle": "Hacker News Posts API unit test should get a post",
            "timedOut": false,
            "duration": 10,
            "state": "passed",
            "speed": "fast",
            "pass": true,
            "fail": false,
            "pending": false,
            "code": "// calling home page api\n(0, _supertest2.default)(_index.app).get('/api/posts').set('Authorization', 'BEARER eyJhbGciOiJIUzI1NiJ9.dXNlcjE.FmYria8wq0aFDHnzYWhKQrhF5BkJbFNN1PqNyNQ7V4M').expect('Content-type', /json/).expect(200) // This is the HTTP response\n.end(function (err, res) {\n  var id = res.body[0]._id;\n  (0, _supertest2.default)(_index.app).get('/api/posts/' + id).set('Authorization', 'BEARER eyJhbGciOiJIUzI1NiJ9.dXNlcjE.FmYria8wq0aFDHnzYWhKQrhF5BkJbFNN1PqNyNQ7V4M').expect('Content-type', /json/).expect(200) // This is HTTP response\n  .end(function (err, res) {\n    res.status.should.equal(200);\n    res.body.should.have.property('post');\n    res.body.post.title.should.equal('A new Title');\n    done();\n  });\n});",
            "err": {},
            "isRoot": false,
            "uuid": "1939acef-9c9b-4461-b124-c4780af8d9e9",
            "isHook": false,
            "skipped": false
          }
        ],
        "suites": [],
        "passes": [
          "44ebbaf2-8be0-4729-aae7-7eb9605596df",
          "3442543e-9354-4b64-bf8d-5dfd6817f397",
          "d78417bd-9446-45d2-94e2-ce4c3d2a0739",
          "1939acef-9c9b-4461-b124-c4780af8d9e9"
        ],
        "failures": [],
        "pending": [],
        "skipped": [],
        "duration": 35,
        "root": false,
        "rootEmpty": false,
        "_timeout": 120000
      },
      {
        "uuid": "c021a499-d135-4d9b-938f-0a38cee197d3",
        "title": "Users API unit test",
        "fullFile": "/home/frank/repos/webservicesdev-2018/node-labs-2018/labs/node-lab5-async/test/testUsersAPI.js",
        "file": "/test/testUsersAPI.js",
        "beforeHooks": [],
        "afterHooks": [],
        "tests": [
          {
            "title": "should return collection of JSON documents",
            "fullTitle": "Users API unit test should return collection of JSON documents",
            "timedOut": false,
            "duration": 3,
            "state": "passed",
            "speed": "fast",
            "pass": true,
            "fail": false,
            "pending": false,
            "code": "// calling home page api\n(0, _supertest2.default)(_index.app).get('/api/users').expect('Content-type', /json/).expect(200) // This is the HTTP response\n.end(function (err, res) {\n  // HTTP status should be 200\n  res.status.should.equal(200);\n  done();\n});",
            "err": {},
            "isRoot": false,
            "uuid": "cb85c9fa-1252-441a-a410-85c7fb98bd24",
            "isHook": false,
            "skipped": false
          },
          {
            "title": "should register a user",
            "fullTitle": "Users API unit test should register a user",
            "timedOut": false,
            "duration": 199,
            "state": "passed",
            "speed": "slow",
            "pass": true,
            "fail": false,
            "pending": false,
            "code": "// post to /api/contacts\n(0, _supertest2.default)(_index.app).post('/api/users').query({ action: 'register' }).send({ username: 'Contact 99', password: 'test1' }).expect('Content-type', /json/).expect(201).end(function (err, res) {\n  res.status.should.equal(201);\n  res.body.success.should.equal(true);\n  done();\n});",
            "err": {},
            "isRoot": false,
            "uuid": "b317ca66-558a-423e-9648-65a57b6afdd0",
            "isHook": false,
            "skipped": false
          },
          {
            "title": "should authenticate a user",
            "fullTitle": "Users API unit test should authenticate a user",
            "timedOut": false,
            "duration": 195,
            "state": "passed",
            "speed": "slow",
            "pass": true,
            "fail": false,
            "pending": false,
            "code": "// post to /api/contacts\n(0, _supertest2.default)(_index.app).post('/api/users').send({ username: 'user1', password: 'test1' }).expect('Content-type', /json/).expect(201).end(function (err, res) {\n  res.status.should.equal(200);\n  res.body.token.substring(0, 6).should.equal('BEARER');\n  done();\n});",
            "err": {},
            "isRoot": false,
            "uuid": "5790f565-5092-4647-9ea9-fd904379e812",
            "isHook": false,
            "skipped": false
          }
        ],
        "suites": [],
        "passes": [
          "cb85c9fa-1252-441a-a410-85c7fb98bd24",
          "b317ca66-558a-423e-9648-65a57b6afdd0",
          "5790f565-5092-4647-9ea9-fd904379e812"
        ],
        "failures": [],
        "pending": [],
        "skipped": [],
        "duration": 397,
        "root": false,
        "rootEmpty": false,
        "_timeout": 120000
      }
    ],
    "passes": [],
    "failures": [],
    "pending": [],
    "skipped": [],
    "duration": 0,
    "root": true,
    "rootEmpty": true,
    "_timeout": 2000
  },
  "copyrightYear": 2018
}